<?xml version="1.0" encoding="UTF-8"?>
<testng-results skipped="0" failed="0" ignored="0" total="8" passed="8">
  <reporter-output>
  </reporter-output>
  <suite name="Default suite" duration-ms="2618" started-at="2022-07-22T09:40:43 IST" finished-at="2022-07-22T09:40:46 IST">
    <groups>
      <group name="cucumber">
        <method signature="AbstractTestNGCucumberTests.runScenario(io.cucumber.testng.PickleWrapper,io.cucumber.testng.FeatureWrapper)[pri:0, instance:cucumberOptions.TestNGTestRunner@1786dec2]" name="runScenario" class="io.cucumber.testng.AbstractTestNGCucumberTests"/>
      </group> <!-- cucumber -->
    </groups>
    <test name="Default test" duration-ms="2618" started-at="2022-07-22T09:40:43 IST" finished-at="2022-07-22T09:40:46 IST">
      <class name="cucumberOptions.TestNGTestRunner">
        <test-method status="PASS" signature="setUpClass(org.testng.ITestContext)[pri:0, instance:cucumberOptions.TestNGTestRunner@1786dec2]" name="setUpClass" is-config="true" duration-ms="1520" started-at="2022-07-22T09:40:44 IST" finished-at="2022-07-22T09:40:45 IST">
          <params>
            <param index="0">
              <value>
                <![CDATA[org.testng.TestRunner@73194df]]>
              </value>
            </param>
          </params>
          <reporter-output>
          </reporter-output>
        </test-method> <!-- setUpClass -->
        <test-method status="PASS" signature="runScenario(io.cucumber.testng.PickleWrapper,io.cucumber.testng.FeatureWrapper)[pri:0, instance:cucumberOptions.TestNGTestRunner@1786dec2]" name="runScenario" duration-ms="101" started-at="2022-07-22T09:40:45 IST" description="Runs Cucumber Scenarios" data-provider="scenarios" finished-at="2022-07-22T09:40:45 IST">
          <params>
            <param index="0">
              <value>
                <![CDATA["Open Saving Account"]]>
              </value>
            </param>
            <param index="1">
              <value>
                <![CDATA["Account section"]]>
              </value>
            </param>
          </params>
          <reporter-output>
          </reporter-output>
        </test-method> <!-- runScenario -->
        <test-method status="PASS" signature="runScenario(io.cucumber.testng.PickleWrapper,io.cucumber.testng.FeatureWrapper)[pri:0, instance:cucumberOptions.TestNGTestRunner@1786dec2]" name="runScenario" duration-ms="9" started-at="2022-07-22T09:40:45 IST" description="Runs Cucumber Scenarios" data-provider="scenarios" finished-at="2022-07-22T09:40:45 IST">
          <params>
            <param index="0">
              <value>
                <![CDATA["Home page default login"]]>
              </value>
            </param>
            <param index="1">
              <value>
                <![CDATA["Application Login"]]>
              </value>
            </param>
          </params>
          <reporter-output>
          </reporter-output>
        </test-method> <!-- runScenario -->
        <test-method status="PASS" signature="runScenario(io.cucumber.testng.PickleWrapper,io.cucumber.testng.FeatureWrapper)[pri:0, instance:cucumberOptions.TestNGTestRunner@1786dec2]" name="runScenario" duration-ms="7" started-at="2022-07-22T09:40:45 IST" description="Runs Cucumber Scenarios" data-provider="scenarios" finished-at="2022-07-22T09:40:45 IST">
          <params>
            <param index="0">
              <value>
                <![CDATA["Home page default login 2"]]>
              </value>
            </param>
            <param index="1">
              <value>
                <![CDATA["Application Login"]]>
              </value>
            </param>
          </params>
          <reporter-output>
          </reporter-output>
        </test-method> <!-- runScenario -->
        <test-method status="PASS" signature="runScenario(io.cucumber.testng.PickleWrapper,io.cucumber.testng.FeatureWrapper)[pri:0, instance:cucumberOptions.TestNGTestRunner@1786dec2]" name="runScenario" duration-ms="18" started-at="2022-07-22T09:40:45 IST" description="Runs Cucumber Scenarios" data-provider="scenarios" finished-at="2022-07-22T09:40:45 IST">
          <params>
            <param index="0">
              <value>
                <![CDATA["Mobile Login"]]>
              </value>
            </param>
            <param index="1">
              <value>
                <![CDATA["Application Login"]]>
              </value>
            </param>
          </params>
          <reporter-output>
          </reporter-output>
        </test-method> <!-- runScenario -->
        <test-method status="PASS" signature="runScenario(io.cucumber.testng.PickleWrapper,io.cucumber.testng.FeatureWrapper)[pri:0, instance:cucumberOptions.TestNGTestRunner@1786dec2]" name="runScenario" duration-ms="20" started-at="2022-07-22T09:40:45 IST" description="Runs Cucumber Scenarios" data-provider="scenarios" finished-at="2022-07-22T09:40:45 IST">
          <params>
            <param index="0">
              <value>
                <![CDATA["signup"]]>
              </value>
            </param>
            <param index="1">
              <value>
                <![CDATA["Application Login"]]>
              </value>
            </param>
          </params>
          <reporter-output>
          </reporter-output>
        </test-method> <!-- runScenario -->
        <test-method status="PASS" signature="runScenario(io.cucumber.testng.PickleWrapper,io.cucumber.testng.FeatureWrapper)[pri:0, instance:cucumberOptions.TestNGTestRunner@1786dec2]" name="runScenario" duration-ms="21" started-at="2022-07-22T09:40:45 IST" description="Runs Cucumber Scenarios" data-provider="scenarios" finished-at="2022-07-22T09:40:45 IST">
          <params>
            <param index="0">
              <value>
                <![CDATA["login test"]]>
              </value>
            </param>
            <param index="1">
              <value>
                <![CDATA["Application Login"]]>
              </value>
            </param>
          </params>
          <reporter-output>
          </reporter-output>
        </test-method> <!-- runScenario -->
        <test-method status="PASS" signature="runScenario(io.cucumber.testng.PickleWrapper,io.cucumber.testng.FeatureWrapper)[pri:0, instance:cucumberOptions.TestNGTestRunner@1786dec2]" name="runScenario" duration-ms="9" started-at="2022-07-22T09:40:45 IST" description="Runs Cucumber Scenarios" data-provider="scenarios" finished-at="2022-07-22T09:40:45 IST">
          <params>
            <param index="0">
              <value>
                <![CDATA["login test"]]>
              </value>
            </param>
            <param index="1">
              <value>
                <![CDATA["Application Login"]]>
              </value>
            </param>
          </params>
          <reporter-output>
          </reporter-output>
        </test-method> <!-- runScenario -->
        <test-method status="PASS" signature="runScenario(io.cucumber.testng.PickleWrapper,io.cucumber.testng.FeatureWrapper)[pri:0, instance:cucumberOptions.TestNGTestRunner@1786dec2]" name="runScenario" duration-ms="9" started-at="2022-07-22T09:40:45 IST" description="Runs Cucumber Scenarios" data-provider="scenarios" finished-at="2022-07-22T09:40:45 IST">
          <params>
            <param index="0">
              <value>
                <![CDATA["login test"]]>
              </value>
            </param>
            <param index="1">
              <value>
                <![CDATA["Application Login"]]>
              </value>
            </param>
          </params>
          <reporter-output>
          </reporter-output>
        </test-method> <!-- runScenario -->
        <test-method status="PASS" signature="tearDownClass()[pri:0, instance:cucumberOptions.TestNGTestRunner@1786dec2]" name="tearDownClass" is-config="true" duration-ms="746" started-at="2022-07-22T09:40:45 IST" finished-at="2022-07-22T09:40:46 IST">
          <reporter-output>
          </reporter-output>
        </test-method> <!-- tearDownClass -->
      </class> <!-- cucumberOptions.TestNGTestRunner -->
    </test> <!-- Default test -->
  </suite> <!-- Default suite -->
</testng-results>
